<?xml version="1.0" encoding="UTF-8"?>
<!-- Generated by org.testng.reporters.JUnitXMLReporter -->
<testsuite hostname="DESKTOP-5PGU4O1" ignored="0" name="Test" tests="1" failures="0" timestamp="11 Apr 2019 04:53:02 GMT" time="0.032" errors="0">
  <testcase name="@BeforeMethod launch" time="0.012" classname="com.qa.TestExcecution.loginTest">
    <failure type="java.util.MissingResourceException" message="Can&amp;apos;t find bundle for base name com.qa.TestExcecution.config, locale en_US">
      <![CDATA[java.util.MissingResourceException: Can't find bundle for base name com.qa.TestExcecution.config, locale en_US
at java.util.ResourceBundle.throwMissingResourceException(ResourceBundle.java:1573)
at java.util.ResourceBundle.getBundleImpl(ResourceBundle.java:1396)
at java.util.ResourceBundle.getBundle(ResourceBundle.java:854)
at com.qa.base.createDriver.generateDriver(createDriver.java:23)
at com.qa.TestExcecution.loginTest.launch(loginTest.java:21)
at java.util.concurrent.FutureTask.run(FutureTask.java:266)
at java.util.concurrent.ThreadPoolExecutor.runWorker(ThreadPoolExecutor.java:1149)
at java.util.concurrent.ThreadPoolExecutor$Worker.run(ThreadPoolExecutor.java:624)
at java.lang.Thread.run(Thread.java:748)
... Removed 19 stack frames]]>
    </failure>
  </testcase> <!-- @BeforeMethod launch -->
  <testcase name="@AfterMethod teardown" time="0.0" classname="com.qa.TestExcecution.loginTest">
    <skipped/>
  </testcase> <!-- @AfterMethod teardown -->
  <testcase name="tc_01" time="0.0" classname="com.qa.TestExcecution.loginTest">
    <skipped/>
  </testcase> <!-- tc_01 -->
</testsuite> <!-- Test -->
